  main.cpp
d:\work\rendering\workspace\mytinyrenderer\mytinyrenderer\main.cpp(71): warning C4244: “-=”: 从“float”转换到“int”，可能丢失数据
d:\work\rendering\workspace\mytinyrenderer\mytinyrenderer\main.cpp(91): warning C4244: “参数”: 从“t”转换到“t”，可能丢失数据
          with
          [
              t=int
          ]
          and
          [
              t=float
          ]
d:\work\rendering\workspace\mytinyrenderer\mytinyrenderer\main.cpp(92): warning C4244: “参数”: 从“t”转换到“t”，可能丢失数据
          with
          [
              t=int
          ]
          and
          [
              t=float
          ]
d:\work\rendering\workspace\mytinyrenderer\mytinyrenderer\main.cpp(101): warning C4244: “参数”: 从“int”转换到“t”，可能丢失数据
          with
          [
              t=float
          ]
d:\work\rendering\workspace\mytinyrenderer\mytinyrenderer\main.cpp(103): warning C4244: “参数”: 从“int”转换到“t”，可能丢失数据
          with
          [
              t=float
          ]
d:\work\rendering\workspace\mytinyrenderer\mytinyrenderer\main.cpp(117): warning C4244: “初始化”: 从“t”转换到“int”，可能丢失数据
          with
          [
              t=float
          ]
d:\work\rendering\workspace\mytinyrenderer\mytinyrenderer\main.cpp(118): warning C4244: “初始化”: 从“t”转换到“int”，可能丢失数据
          with
          [
              t=float
          ]
d:\work\rendering\workspace\mytinyrenderer\mytinyrenderer\main.cpp(142): warning C4244: “初始化”: 从“t”转换到“int”，可能丢失数据
          with
          [
              t=float
          ]
d:\work\rendering\workspace\mytinyrenderer\mytinyrenderer\main.cpp(145): warning C4244: “初始化”: 从“t”转换到“int”，可能丢失数据
          with
          [
              t=float
          ]
d:\work\rendering\workspace\mytinyrenderer\mytinyrenderer\main.cpp(153): warning C4244: “初始化”: 从“t”转换到“int”，可能丢失数据
          with
          [
              t=float
          ]
d:\work\rendering\workspace\mytinyrenderer\mytinyrenderer\main.cpp(154): warning C4244: “初始化”: 从“double”转换到“float”，可能丢失数据
d:\work\rendering\workspace\mytinyrenderer\mytinyrenderer\main.cpp(157): warning C4244: “初始化”: 从“t”转换到“int”，可能丢失数据
          with
          [
              t=float
          ]
d:\work\rendering\workspace\mytinyrenderer\mytinyrenderer\main.cpp(160): warning C4244: “=”: 从“t”转换到“int”，可能丢失数据
          with
          [
              t=float
          ]
d:\work\rendering\workspace\mytinyrenderer\mytinyrenderer\main.cpp(163): warning C4244: “参数”: 从“float”转换到“unsigned char”，可能丢失数据
d:\work\rendering\workspace\mytinyrenderer\mytinyrenderer\main.cpp(163): warning C4244: “参数”: 从“t”转换到“int”，可能丢失数据
          with
          [
              t=float
          ]
d:\work\rendering\workspace\mytinyrenderer\mytinyrenderer\main.cpp(170): warning C4244: “参数”: 从“double”转换到“t”，可能丢失数据
          with
          [
              t=float
          ]
d:\work\rendering\workspace\mytinyrenderer\mytinyrenderer\geometry.h(20): warning C4244: “参数”: 从“float”转换到“t”，可能丢失数据
          with
          [
              t=int
          ]
  d:\work\rendering\workspace\mytinyrenderer\mytinyrenderer\geometry.h(20): note: 编译 类 模板 成员函数 "Vec2<int> Vec2<int>::operator *(float) const" 时
  d:\work\rendering\workspace\mytinyrenderer\mytinyrenderer\main.cpp(150): note: 参见对正在编译的函数 模板 实例化“Vec2<int> Vec2<int>::operator *(float) const”的引用
  d:\work\rendering\workspace\mytinyrenderer\mytinyrenderer\main.cpp(78): note: 参见对正在编译的 类 模板 实例化 "Vec2<int>" 的引用
  正在生成代码
  1 of 668 functions ( 0.1%) were compiled, the rest were copied from previous compilation.
    0 functions were new in current compilation
    0 functions had inline decision re-evaluated but remain unchanged
  已完成代码的生成
  myTinyRenderer.vcxproj -> D:\Work\Rendering\workspace\myTinyRenderer\x64\Release\myTinyRenderer.exe
